
2024/12/26 (22:33:36) | ===> btop++ v.1.4.0
2024/12/26 (22:33:36) | WARNING: Intel GPU: Failed to initialize PMU

2024/12/28 (15:40:37) | ===> btop++ v.1.4.0
2024/12/28 (15:40:37) | WARNING: Intel GPU: Failed to initialize PMU

2024/12/29 (20:36:26) | ===> btop++ v.1.4.0
2024/12/29 (20:36:26) | WARNING: Intel GPU: Failed to initialize PMU

2025/01/08 (21:27:15) | ===> btop++ v.1.4.0
2025/01/08 (21:27:15) | WARNING: Intel GPU: Failed to initialize PMU

2025/01/09 (02:05:27) | ===> btop++ v.1.4.0
2025/01/09 (02:05:27) | WARNING: Intel GPU: Failed to initialize PMU

2025/01/09 (02:06:03) | ===> btop++ v.1.4.0
2025/01/09 (02:06:03) | WARNING: Intel GPU: Failed to initialize PMU

2025/01/09 (02:06:21) | ===> btop++ v.1.4.0
2025/01/09 (02:06:21) | WARNING: Intel GPU: Failed to initialize PMU

2025/01/09 (02:06:23) | ===> btop++ v.1.4.0
2025/01/09 (02:06:23) | WARNING: Intel GPU: Failed to initialize PMU

2025/01/09 (16:05:33) | ===> btop++ v.1.4.0
2025/01/09 (16:05:33) | WARNING: Intel GPU: Failed to initialize PMU

2025/01/09 (19:48:36) | ===> btop++ v.1.4.0
2025/01/09 (19:48:36) | WARNING: Intel GPU: Failed to initialize PMU

2025/01/10 (17:29:22) | ===> btop++ v.1.4.0
2025/01/10 (17:29:22) | WARNING: Intel GPU: Failed to initialize PMU

2025/01/10 (22:14:19) | ===> btop++ v.1.4.0
2025/01/10 (22:14:19) | WARNING: Intel GPU: Failed to initialize PMU

2025/01/10 (22:26:53) | ===> btop++ v.1.4.0
2025/01/10 (22:26:53) | WARNING: Intel GPU: Failed to initialize PMU

2025/01/10 (22:27:16) | ===> btop++ v.1.4.0
2025/01/10 (22:27:16) | WARNING: Intel GPU: Failed to initialize PMU

2025/01/10 (23:35:40) | ===> btop++ v.1.4.0
2025/01/10 (23:35:40) | WARNING: Intel GPU: Failed to initialize PMU

2025/01/11 (11:09:25) | ===> btop++ v.1.4.0
2025/01/11 (11:09:25) | WARNING: Intel GPU: Failed to initialize PMU
2025/01/11 (11:10:54) | INFO: Logger set to INFO
2025/01/11 (11:10:55) | INFO: Logger set to DEBUG

2025/01/11 (12:39:25) | ===> btop++ v.1.4.0
2025/01/11 (12:39:25) | WARNING: Intel GPU: Failed to initialize PMU

2025/01/11 (12:41:11) | ===> btop++ v.1.4.0
2025/01/11 (12:41:11) | WARNING: Intel GPU: Failed to initialize PMU

2025/01/11 (12:43:50) | ===> btop++ v.1.4.0
2025/01/11 (12:43:50) | WARNING: Intel GPU: Failed to initialize PMU

2025/01/11 (18:26:59) | ===> btop++ v.1.4.0
2025/01/11 (18:26:59) | WARNING: Intel GPU: Failed to initialize PMU

2025/01/11 (19:05:49) | ===> btop++ v.1.4.0
2025/01/11 (19:05:49) | WARNING: Intel GPU: Failed to initialize PMU

2025/01/11 (19:29:58) | ===> btop++ v.1.4.0
2025/01/11 (19:29:58) | WARNING: Intel GPU: Failed to initialize PMU

2025/01/11 (19:37:36) | ===> btop++ v.1.4.0
2025/01/11 (19:37:36) | WARNING: Intel GPU: Failed to initialize PMU

2025/01/12 (00:23:17) | ===> btop++ v.1.4.0
2025/01/12 (00:23:17) | WARNING: Intel GPU: Failed to initialize PMU

2025/01/14 (17:02:24) | ===> btop++ v.1.4.0
2025/01/14 (17:02:24) | WARNING: Intel GPU: Failed to initialize PMU

2025/01/15 (20:48:16) | ===> btop++ v.1.4.0
2025/01/15 (20:48:16) | WARNING: Intel GPU: Failed to initialize PMU

2025/01/16 (14:42:47) | ===> btop++ v.1.4.0
2025/01/16 (14:42:47) | WARNING: Intel GPU: Failed to initialize PMU

2025/01/16 (17:20:35) | ===> btop++ v.1.4.0
2025/01/16 (17:20:35) | WARNING: Intel GPU: Failed to initialize PMU

2025/01/16 (23:07:22) | ===> btop++ v.1.4.0
2025/01/16 (23:07:22) | WARNING: Intel GPU: Failed to initialize PMU

2025/01/17 (00:18:49) | ===> btop++ v.1.4.0
2025/01/17 (00:18:49) | WARNING: Intel GPU: Failed to initialize PMU

2025/01/17 (00:20:21) | ===> btop++ v.1.4.0
2025/01/17 (00:20:21) | WARNING: Intel GPU: Failed to initialize PMU

2025/01/17 (00:21:44) | ===> btop++ v.1.4.0
2025/01/17 (00:21:44) | WARNING: Intel GPU: Failed to initialize PMU

2025/01/17 (00:27:15) | ===> btop++ v.1.4.0
2025/01/17 (00:27:15) | WARNING: Intel GPU: Failed to initialize PMU

2025/01/21 (23:06:46) | ===> btop++ v.1.4.0
2025/01/21 (23:06:46) | WARNING: Intel GPU: Failed to initialize PMU

2025/01/22 (19:11:10) | ===> btop++ v.1.4.0
2025/01/22 (19:11:10) | WARNING: Intel GPU: Failed to initialize PMU
2025/01/22 (19:11:27) | ERROR: Couldn't determine terminal size of "STDOUT_FILENO"!
2025/01/22 (19:11:27) | ERROR: Couldn't determine terminal size of "/dev/tty"!

2025/01/22 (19:12:23) | ===> btop++ v.1.4.0
2025/01/22 (19:12:23) | WARNING: Intel GPU: Failed to initialize PMU

2025/01/27 (17:29:41) | ===> btop++ v.1.4.0
2025/01/27 (17:29:41) | WARNING: Intel GPU: Failed to initialize PMU

2025/03/22 (08:29:11) | ===> btop++ v.1.4.0
2025/03/22 (08:29:11) | WARNING: Intel GPU: Failed to initialize PMU

2025/03/22 (08:40:38) | ===> btop++ v.1.4.0
2025/03/22 (08:40:38) | WARNING: Intel GPU: Failed to initialize PMU

2025/03/25 (20:01:31) | ===> btop++ v.1.4.0
2025/03/25 (20:01:31) | WARNING: Intel GPU: Failed to initialize PMU

2025/04/04 (11:54:44) | ===> btop++ v.1.4.0
2025/04/04 (11:54:44) | WARNING: Intel GPU: Failed to initialize PMU

2025/04/04 (15:14:15) | ===> btop++ v.1.4.0
2025/04/04 (15:14:15) | WARNING: Intel GPU: Failed to initialize PMU

2025/04/06 (19:56:12) | ===> btop++ v.1.4.0
2025/04/06 (19:56:12) | WARNING: Intel GPU: Failed to initialize PMU

2025/04/06 (19:58:20) | ===> btop++ v.1.4.0
2025/04/06 (19:58:20) | WARNING: Intel GPU: Failed to initialize PMU

2025/04/06 (20:00:08) | ===> btop++ v.1.4.0
2025/04/06 (20:00:08) | WARNING: Intel GPU: Failed to initialize PMU

2025/04/28 (19:44:49) | ===> btop++ v.1.4.0
2025/04/28 (19:44:49) | WARNING: Intel GPU: Failed to initialize PMU

2025/04/28 (21:04:21) | ===> btop++ v.1.4.0
2025/04/28 (21:04:21) | WARNING: Intel GPU: Failed to initialize PMU
